<?xml version="1.0" encoding="UTF-8"?>
<!-- Generated by org.testng.reporters.JUnitXMLReporter -->
<testsuite ignored="2" hostname="DESKTOP-QFCL18R" failures="0" tests="1" name="Default test" time="10.896" errors="0" timestamp="2023-08-17T22:58:27 IST">
  <testcase classname="testCase.Commom" name="checkSocialIcon" time="0.276"/>
  <testcase classname="testCase.Commom" name="isImageDisplayed" time="0.0">
    <ignored/>
  </testcase> <!-- isImageDisplayed -->
  <testcase classname="testCase.Commom" name="checkMouseHoverOnBrowsArtist" time="0.0">
    <ignored/>
  </testcase> <!-- checkMouseHoverOnBrowsArtist -->
</testsuite> <!-- Default test -->
