<?xml version="1.0" encoding="UTF-8"?>
<testng-results ignored="0" total="1" passed="1" failed="0" skipped="0">
  <reporter-output>
  </reporter-output>
  <suite started-at="2023-08-17T22:58:17 IST" name="Default suite" finished-at="2023-08-17T22:58:27 IST" duration-ms="10896">
    <groups>
    </groups>
    <test started-at="2023-08-17T22:58:17 IST" name="Default test" finished-at="2023-08-17T22:58:27 IST" duration-ms="10896">
      <class name="testCase.Commom">
        <test-method is-config="true" signature="init()[pri:0, instance:testCase.Commom@2eae8e6e]" started-at="2023-08-17T22:58:17 IST" name="init" finished-at="2023-08-17T22:58:27 IST" duration-ms="10558" status="PASS">
          <reporter-output>
          </reporter-output>
        </test-method> <!-- init -->
        <test-method signature="checkSocialIcon()[pri:0, instance:testCase.Commom@2eae8e6e]" started-at="2023-08-17T22:58:27 IST" name="checkSocialIcon" finished-at="2023-08-17T22:58:27 IST" duration-ms="276" status="PASS">
          <reporter-output>
          </reporter-output>
        </test-method> <!-- checkSocialIcon -->
      </class> <!-- testCase.Commom -->
    </test> <!-- Default test -->
  </suite> <!-- Default suite -->
</testng-results>
